<?xml version="1.0" encoding="UTF-8"?>
<!-- Generated by org.testng.reporters.JUnitXMLReporter -->
<testsuite hostname="DESKTOP-UG1BOT1" name="Default test" tests="3" failures="0" timestamp="31 May 2019 07:16:16 GMT" time="68.248" errors="0">
  <testcase name="TestStep01_CreateSearchRide" time="3.18" classname="com.rally.automation.tests.RallyBus_TC01_CreateOwnRide"/>
  <testcase name="TestStep02_SelectRoute" time="28.248" classname="com.rally.automation.tests.RallyBus_TC01_CreateOwnRide"/>
  <testcase name="TestStep03_TripTiming" time="29.435" classname="com.rally.automation.tests.RallyBus_TC01_CreateOwnRide"/>
</testsuite> <!-- Default test -->
